# JRE version: OpenJDK Runtime Environment (11.0.15) (build 11.0.15+0-b2043.56-9505619)
# Java VM: OpenJDK 64-Bit Server VM (11.0.15+0-b2043.56-9505619, mixed mode, tiered, compressed oops, g1 gc, windows-amd64)
Heap:
 garbage-first heap   total 362496K, used 303208K [0x0000000080000000, 0x0000000100000000)
  region size 1024K, 71 young (72704K), 10 survivors (10240K)
 Metaspace       used 147102K, capacity 151451K, committed 151676K, reserved 1181696K
  class space    used 18282K, capacity 19888K, committed 19916K, reserved 1048576K
GC Heap History (20 events):
Event: 1167.985 GC heap before
{Heap before GC invocations=129 (full 0):
 garbage-first heap   total 362496K, used 293607K [0x0000000080000000, 0x0000000100000000)
  region size 1024K, 82 young (83968K), 2 survivors (2048K)
 Metaspace       used 131965K, capacity 135786K, committed 136060K, reserved 1167360K
  class space    used 16335K, capacity 17746K, committed 17868K, reserved 1048576K
}
Event: 1167.990 GC heap after
{Heap after GC invocations=130 (full 0):
 garbage-first heap   total 362496K, used 207981K [0x0000000080000000, 0x0000000100000000)
  region size 1024K, 2 young (2048K), 2 survivors (2048K)
 Metaspace       used 131965K, capacity 135786K, committed 136060K, reserved 1167360K
  class space    used 16335K, capacity 17746K, committed 17868K, reserved 1048576K
}
Event: 1174.515 GC heap before
{Heap before GC invocations=131 (full 0):
 garbage-first heap   total 362496K, used 295021K [0x0000000080000000, 0x0000000100000000)
  region size 1024K, 88 young (90112K), 2 survivors (2048K)
 Metaspace       used 132871K, capacity 136727K, committed 136828K, reserved 1169408K
  class space    used 16431K, capacity 17836K, committed 17868K, reserved 1048576K
}
Event: 1174.533 GC heap after
{Heap after GC invocations=132 (full 0):
 garbage-first heap   total 362496K, used 212192K [0x0000000080000000, 0x0000000100000000)
  region size 1024K, 6 young (6144K), 6 survivors (6144K)
 Metaspace       used 132871K, capacity 136727K, committed 136828K, reserved 1169408K
  class space    used 16431K, capacity 17836K, committed 17868K, reserved 1048576K
}
Event: 1178.561 GC heap before
{Heap before GC invocations=132 (full 0):
 garbage-first heap   total 362496K, used 298208K [0x0000000080000000, 0x0000000100000000)
  region size 1024K, 91 young (93184K), 6 survivors (6144K)
 Metaspace       used 136580K, capacity 140481K, committed 140668K, reserved 1171456K
  class space    used 16906K, capacity 18337K, committed 18380K, reserved 1048576K
}
Event: 1178.585 GC heap after
{Heap after GC invocations=133 (full 0):
 garbage-first heap   total 362496K, used 213755K [0x0000000080000000, 0x0000000100000000)
  region size 1024K, 7 young (7168K), 7 survivors (7168K)
 Metaspace       used 136580K, capacity 140481K, committed 140668K, reserved 1171456K
  class space    used 16906K, capacity 18337K, committed 18380K, reserved 1048576K
}
Event: 1184.151 GC heap before
{Heap before GC invocations=133 (full 0):
 garbage-first heap   total 362496K, used 302843K [0x0000000080000000, 0x0000000100000000)
  region size 1024K, 95 young (97280K), 7 survivors (7168K)
 Metaspace       used 137996K, capacity 141998K, committed 142204K, reserved 1173504K
  class space    used 17061K, capacity 18538K, committed 18636K, reserved 1048576K
}
Event: 1184.289 GC heap after
{Heap after GC invocations=134 (full 0):
 garbage-first heap   total 362496K, used 217555K [0x0000000080000000, 0x0000000100000000)
  region size 1024K, 10 young (10240K), 10 survivors (10240K)
 Metaspace       used 137996K, capacity 141998K, committed 142204K, reserved 1173504K
  class space    used 17061K, capacity 18538K, committed 18636K, reserved 1048576K
}
Event: 1187.019 GC heap before
{Heap before GC invocations=134 (full 0):
 garbage-first heap   total 362496K, used 304595K [0x0000000080000000, 0x0000000100000000)
  region size 1024K, 96 young (98304K), 10 survivors (10240K)
 Metaspace       used 139174K, capacity 143155K, committed 143356K, reserved 1173504K
  class space    used 17195K, capacity 18672K, committed 18764K, reserved 1048576K
}
Event: 1187.071 GC heap after
{Heap after GC invocations=135 (full 0):
 garbage-first heap   total 362496K, used 225218K [0x0000000080000000, 0x0000000100000000)
  region size 1024K, 12 young (12288K), 12 survivors (12288K)
 Metaspace       used 139174K, capacity 143155K, committed 143356K, reserved 1173504K
  class space    used 17195K, capacity 18672K, committed 18764K, reserved 1048576K
}
Event: 1187.877 GC heap before
{Heap before GC invocations=136 (full 0):
 garbage-first heap   total 362496K, used 284610K [0x0000000080000000, 0x0000000100000000)
  region size 1024K, 72 young (73728K), 12 survivors (12288K)
 Metaspace       used 139548K, capacity 143512K, committed 143612K, reserved 1173504K
  class space    used 17247K, capacity 18726K, committed 18764K, reserved 1048576K
}
Event: 1187.903 GC heap after
{Heap after GC invocations=137 (full 0):
 garbage-first heap   total 362496K, used 229046K [0x0000000080000000, 0x0000000100000000)
  region size 1024K, 4 young (4096K), 4 survivors (4096K)
 Metaspace       used 139548K, capacity 143512K, committed 143612K, reserved 1173504K
  class space    used 17247K, capacity 18726K, committed 18764K, reserved 1048576K
}
Event: 1192.359 GC heap before
{Heap before GC invocations=138 (full 0):
 garbage-first heap   total 362496K, used 300726K [0x0000000080000000, 0x0000000100000000)
  region size 1024K, 73 young (74752K), 4 survivors (4096K)
 Metaspace       used 139880K, capacity 143897K, committed 144252K, reserved 1175552K
  class space    used 17279K, capacity 18783K, committed 18892K, reserved 1048576K
}
Event: 1192.369 GC heap after
{Heap after GC invocations=139 (full 0):
 garbage-first heap   total 362496K, used 229028K [0x0000000080000000, 0x0000000100000000)
  region size 1024K, 4 young (4096K), 4 survivors (4096K)
 Metaspace       used 139880K, capacity 143897K, committed 144252K, reserved 1175552K
  class space    used 17279K, capacity 18783K, committed 18892K, reserved 1048576K
}
Event: 1192.902 GC heap before
{Heap before GC invocations=139 (full 0):
 garbage-first heap   total 362496K, used 241316K [0x0000000080000000, 0x0000000100000000)
  region size 1024K, 18 young (18432K), 4 survivors (4096K)
 Metaspace       used 140223K, capacity 144283K, committed 144508K, reserved 1175552K
  class space    used 17313K, capacity 18798K, committed 18892K, reserved 1048576K
}
Event: 1192.914 GC heap after
{Heap after GC invocations=140 (full 0):
 garbage-first heap   total 362496K, used 229149K [0x0000000080000000, 0x0000000100000000)
  region size 1024K, 3 young (3072K), 3 survivors (3072K)
 Metaspace       used 140223K, capacity 144283K, committed 144508K, reserved 1175552K
  class space    used 17313K, capacity 18798K, committed 18892K, reserved 1048576K
}
Event: 1194.853 GC heap before
{Heap before GC invocations=140 (full 0):
 garbage-first heap   total 362496K, used 300829K [0x0000000080000000, 0x0000000100000000)
  region size 1024K, 74 young (75776K), 3 survivors (3072K)
 Metaspace       used 140327K, capacity 144403K, committed 144508K, reserved 1175552K
  class space    used 17324K, capacity 18807K, committed 18892K, reserved 1048576K
}
Event: 1194.860 GC heap after
{Heap after GC invocations=141 (full 0):
 garbage-first heap   total 362496K, used 230275K [0x0000000080000000, 0x0000000100000000)
  region size 1024K, 4 young (4096K), 4 survivors (4096K)
 Metaspace       used 140327K, capacity 144403K, committed 144508K, reserved 1175552K
  class space    used 17324K, capacity 18807K, committed 18892K, reserved 1048576K
}
Event: 1196.036 GC heap before
{Heap before GC invocations=141 (full 0):
 garbage-first heap   total 362496K, used 302979K [0x0000000080000000, 0x0000000100000000)
  region size 1024K, 76 young (77824K), 4 survivors (4096K)
 Metaspace       used 144246K, capacity 148478K, committed 148604K, reserved 1179648K
  class space    used 17836K, capacity 19388K, committed 19404K, reserved 1048576K
}
Event: 1196.062 GC heap after
{Heap after GC invocations=142 (full 0):
 garbage-first heap   total 362496K, used 242792K [0x0000000080000000, 0x0000000100000000)
  region size 1024K, 10 young (10240K), 10 survivors (10240K)
 Metaspace       used 144246K, capacity 148478K, committed 148604K, reserved 1179648K
  class space    used 17836K, capacity 19388K, committed 19404K, reserved 1048576K
}

