# JRE version: OpenJDK Runtime Environment (11.0.15) (build 11.0.15+0-b2043.56-9505619)
# Java VM: OpenJDK 64-Bit Server VM (11.0.15+0-b2043.56-9505619, mixed mode, tiered, compressed oops, g1 gc, windows-amd64)
Heap:
 garbage-first heap   total 577536K, used 211423K [0x0000000080000000, 0x0000000100000000)
  region size 1024K, 11 young (11264K), 11 survivors (11264K)
 Metaspace       used 109196K, capacity 112604K, committed 112796K, reserved 1146880K
  class space    used 14014K, capacity 15323K, committed 15436K, reserved 1048576K
GC Heap History (20 events):
Event: 99.272 GC heap after
{Heap after GC invocations=106 (full 0):
 garbage-first heap   total 352256K, used 155806K [0x0000000080000000, 0x0000000100000000)
  region size 1024K, 9 young (9216K), 9 survivors (9216K)
 Metaspace       used 108875K, capacity 112292K, committed 112412K, reserved 1146880K
  class space    used 13997K, capacity 15298K, committed 15308K, reserved 1048576K
}
Event: 100.597 GC heap before
{Heap before GC invocations=106 (full 0):
 garbage-first heap   total 352256K, used 302238K [0x0000000080000000, 0x0000000100000000)
  region size 1024K, 152 young (155648K), 9 survivors (9216K)
 Metaspace       used 108880K, capacity 112295K, committed 112412K, reserved 1146880K
  class space    used 13997K, capacity 15299K, committed 15308K, reserved 1048576K
}
Event: 100.624 GC heap after
{Heap after GC invocations=107 (full 0):
 garbage-first heap   total 352256K, used 156218K [0x0000000080000000, 0x0000000100000000)
  region size 1024K, 9 young (9216K), 9 survivors (9216K)
 Metaspace       used 108880K, capacity 112295K, committed 112412K, reserved 1146880K
  class space    used 13997K, capacity 15299K, committed 15308K, reserved 1048576K
}
Event: 102.060 GC heap before
{Heap before GC invocations=107 (full 0):
 garbage-first heap   total 352256K, used 303674K [0x0000000080000000, 0x0000000100000000)
  region size 1024K, 153 young (156672K), 9 survivors (9216K)
 Metaspace       used 108880K, capacity 112295K, committed 112412K, reserved 1146880K
  class space    used 13997K, capacity 15299K, committed 15308K, reserved 1048576K
}
Event: 102.098 GC heap after
{Heap after GC invocations=108 (full 0):
 garbage-first heap   total 352256K, used 157297K [0x0000000080000000, 0x0000000100000000)
  region size 1024K, 10 young (10240K), 10 survivors (10240K)
 Metaspace       used 108880K, capacity 112295K, committed 112412K, reserved 1146880K
  class space    used 13997K, capacity 15299K, committed 15308K, reserved 1048576K
}
Event: 103.413 GC heap before
{Heap before GC invocations=108 (full 0):
 garbage-first heap   total 352256K, used 305777K [0x0000000080000000, 0x0000000100000000)
  region size 1024K, 155 young (158720K), 10 survivors (10240K)
 Metaspace       used 108883K, capacity 112295K, committed 112412K, reserved 1146880K
  class space    used 13997K, capacity 15299K, committed 15308K, reserved 1048576K
}
Event: 103.444 GC heap after
{Heap after GC invocations=109 (full 0):
 garbage-first heap   total 352256K, used 157498K [0x0000000080000000, 0x0000000100000000)
  region size 1024K, 10 young (10240K), 10 survivors (10240K)
 Metaspace       used 108883K, capacity 112295K, committed 112412K, reserved 1146880K
  class space    used 13997K, capacity 15299K, committed 15308K, reserved 1048576K
}
Event: 105.686 GC heap before
{Heap before GC invocations=109 (full 0):
 garbage-first heap   total 352256K, used 307002K [0x0000000080000000, 0x0000000100000000)
  region size 1024K, 155 young (158720K), 10 survivors (10240K)
 Metaspace       used 109025K, capacity 112401K, committed 112412K, reserved 1146880K
  class space    used 13998K, capacity 15300K, committed 15308K, reserved 1048576K
}
Event: 105.717 GC heap after
{Heap after GC invocations=110 (full 0):
 garbage-first heap   total 352256K, used 157970K [0x0000000080000000, 0x0000000100000000)
  region size 1024K, 11 young (11264K), 11 survivors (11264K)
 Metaspace       used 109025K, capacity 112401K, committed 112412K, reserved 1146880K
  class space    used 13998K, capacity 15300K, committed 15308K, reserved 1048576K
}
Event: 106.770 GC heap before
{Heap before GC invocations=110 (full 0):
 garbage-first heap   total 352256K, used 303378K [0x0000000080000000, 0x0000000100000000)
  region size 1024K, 154 young (157696K), 11 survivors (11264K)
 Metaspace       used 109044K, capacity 112402K, committed 112412K, reserved 1146880K
  class space    used 13998K, capacity 15300K, committed 15308K, reserved 1048576K
}
Event: 106.809 GC heap after
{Heap after GC invocations=111 (full 0):
 garbage-first heap   total 422912K, used 157428K [0x0000000080000000, 0x0000000100000000)
  region size 1024K, 10 young (10240K), 10 survivors (10240K)
 Metaspace       used 109044K, capacity 112402K, committed 112412K, reserved 1146880K
  class space    used 13998K, capacity 15300K, committed 15308K, reserved 1048576K
}
Event: 110.183 GC heap before
{Heap before GC invocations=111 (full 0):
 garbage-first heap   total 422912K, used 346868K [0x0000000080000000, 0x0000000100000000)
  region size 1024K, 194 young (198656K), 10 survivors (10240K)
 Metaspace       used 109173K, capacity 112603K, committed 112796K, reserved 1146880K
  class space    used 14014K, capacity 15323K, committed 15436K, reserved 1048576K
}
Event: 110.244 GC heap after
{Heap after GC invocations=112 (full 0):
 garbage-first heap   total 422912K, used 167177K [0x0000000080000000, 0x0000000100000000)
  region size 1024K, 19 young (19456K), 19 survivors (19456K)
 Metaspace       used 109173K, capacity 112603K, committed 112796K, reserved 1146880K
  class space    used 14014K, capacity 15323K, committed 15436K, reserved 1048576K
}
Event: 111.809 GC heap before
{Heap before GC invocations=112 (full 0):
 garbage-first heap   total 422912K, used 356617K [0x0000000080000000, 0x0000000100000000)
  region size 1024K, 204 young (208896K), 19 survivors (19456K)
 Metaspace       used 109185K, capacity 112604K, committed 112796K, reserved 1146880K
  class space    used 14014K, capacity 15323K, committed 15436K, reserved 1048576K
}
Event: 112.078 GC heap after
{Heap after GC invocations=113 (full 0):
 garbage-first heap   total 422912K, used 192968K [0x0000000080000000, 0x0000000100000000)
  region size 1024K, 26 young (26624K), 26 survivors (26624K)
 Metaspace       used 109185K, capacity 112604K, committed 112796K, reserved 1146880K
  class space    used 14014K, capacity 15323K, committed 15436K, reserved 1048576K
}
Event: 113.119 GC heap before
{Heap before GC invocations=113 (full 0):
 garbage-first heap   total 422912K, used 345544K [0x0000000080000000, 0x0000000100000000)
  region size 1024K, 175 young (179200K), 26 survivors (26624K)
 Metaspace       used 109188K, capacity 112604K, committed 112796K, reserved 1146880K
  class space    used 14014K, capacity 15323K, committed 15436K, reserved 1048576K
}
Event: 113.225 GC heap after
{Heap after GC invocations=114 (full 0):
 garbage-first heap   total 422912K, used 201728K [0x0000000080000000, 0x0000000100000000)
  region size 1024K, 11 young (11264K), 11 survivors (11264K)
 Metaspace       used 109188K, capacity 112604K, committed 112796K, reserved 1146880K
  class space    used 14014K, capacity 15323K, committed 15436K, reserved 1048576K
}
Event: 114.148 GC heap before
{Heap before GC invocations=114 (full 0):
 garbage-first heap   total 422912K, used 349184K [0x0000000080000000, 0x0000000100000000)
  region size 1024K, 155 young (158720K), 11 survivors (11264K)
 Metaspace       used 109193K, capacity 112604K, committed 112796K, reserved 1146880K
  class space    used 14014K, capacity 15323K, committed 15436K, reserved 1048576K
}
Event: 114.210 GC heap after
{Heap after GC invocations=115 (full 0):
 garbage-first heap   total 422912K, used 208896K [0x0000000080000000, 0x0000000100000000)
  region size 1024K, 18 young (18432K), 18 survivors (18432K)
 Metaspace       used 109193K, capacity 112604K, committed 112796K, reserved 1146880K
  class space    used 14014K, capacity 15323K, committed 15436K, reserved 1048576K
}
Event: 115.303 GC heap before
{Heap before GC invocations=115 (full 0):
 garbage-first heap   total 422912K, used 351232K [0x0000000080000000, 0x0000000100000000)
  region size 1024K, 157 young (160768K), 18 survivors (18432K)
 Metaspace       used 109196K, capacity 112604K, committed 112796K, reserved 1146880K
  class space    used 14014K, capacity 15323K, committed 15436K, reserved 1048576K
}

